2020-10-16 15:40:35,939 DEBUG [Finalizer] PoolingHttpClientConnectionManager:408 - Connection manager is shutting down
2020-10-16 15:40:35,942 DEBUG [Finalizer] PoolingHttpClientConnectionManager:414 - Connection manager shut down
2020-10-16 15:40:35,943 DEBUG [Finalizer] PoolingHttpClientConnectionManager:408 - Connection manager is shutting down
2020-10-16 15:40:35,943 DEBUG [Finalizer] PoolingHttpClientConnectionManager:414 - Connection manager shut down
2020-10-16 15:40:38,026  INFO [TestNG-test=Orange HRM Regression Tests -- chrome-2] LoginPageTest:53 - browser is laucnhing-----------------> setUp method
2020-10-16 15:40:39,344  INFO [TestNG-test=Orange HRM Regression Tests -- chrome-2] LoginPageTest:64 - starting --------------------------> verify login page title
2020-10-16 15:40:39,355  INFO [TestNG-test=Orange HRM Regression Tests -- chrome-2] LoginPageTest:68 - endging ----------------------------> verify login page title
2020-10-16 15:40:39,355  WARN [TestNG-test=Orange HRM Regression Tests -- chrome-2] LoginPageTest:69 - some warning
2020-10-16 15:40:39,356 ERROR [TestNG-test=Orange HRM Regression Tests -- chrome-2] LoginPageTest:70 - some error
2020-10-16 15:40:39,356 FATAL [TestNG-test=Orange HRM Regression Tests -- chrome-2] LoginPageTest:71 - fatal eror
2020-10-16 15:40:40,427  INFO [TestNG-test=Orange HRM Regression Tests -- firefox-2] LoginPageTest:53 - browser is laucnhing-----------------> setUp method
2020-10-16 15:40:40,853  INFO [TestNG-test=Orange HRM Regression Tests -- chrome-2] LoginPageTest:53 - browser is laucnhing-----------------> setUp method
2020-10-16 15:40:41,983  INFO [TestNG-test=Orange HRM Regression Tests -- firefox-2] LoginPageTest:64 - starting --------------------------> verify login page title
2020-10-16 15:40:41,988  INFO [TestNG-test=Orange HRM Regression Tests -- firefox-2] LoginPageTest:68 - endging ----------------------------> verify login page title
2020-10-16 15:40:41,989  WARN [TestNG-test=Orange HRM Regression Tests -- firefox-2] LoginPageTest:69 - some warning
2020-10-16 15:40:41,989 ERROR [TestNG-test=Orange HRM Regression Tests -- firefox-2] LoginPageTest:70 - some error
2020-10-16 15:40:41,989 FATAL [TestNG-test=Orange HRM Regression Tests -- firefox-2] LoginPageTest:71 - fatal eror
2020-10-16 15:40:44,285  INFO [TestNG-test=Orange HRM Regression Tests -- chrome-2] LoginPageTest:53 - browser is laucnhing-----------------> setUp method
2020-10-16 15:40:46,077 DEBUG [Finalizer] PoolingHttpClientConnectionManager:408 - Connection manager is shutting down
2020-10-16 15:40:46,077 DEBUG [Finalizer] PoolingHttpClientConnectionManager:414 - Connection manager shut down
2020-10-16 15:40:46,077 DEBUG [Finalizer] PoolingHttpClientConnectionManager:408 - Connection manager is shutting down
2020-10-16 15:40:46,078 DEBUG [Finalizer] PoolingHttpClientConnectionManager:414 - Connection manager shut down
2020-10-16 15:40:46,078 DEBUG [Finalizer] PoolingHttpClientConnectionManager:408 - Connection manager is shutting down
2020-10-16 15:40:46,079 DEBUG [Finalizer] PoolingHttpClientConnectionManager:414 - Connection manager shut down
2020-10-16 15:40:46,079 DEBUG [Finalizer] PoolingHttpClientConnectionManager:408 - Connection manager is shutting down
2020-10-16 15:40:46,080 DEBUG [Finalizer] PoolingHttpClientConnectionManager:414 - Connection manager shut down
2020-10-16 15:40:46,080 DEBUG [Finalizer] PoolingHttpClientConnectionManager:408 - Connection manager is shutting down
2020-10-16 15:40:46,081 DEBUG [Finalizer] PoolingHttpClientConnectionManager:414 - Connection manager shut down
2020-10-16 15:40:46,902  INFO [TestNG-test=Orange HRM Regression Tests -- firefox-2] LoginPageTest:53 - browser is laucnhing-----------------> setUp method
2020-10-16 15:40:53,441  INFO [TestNG-test=Orange HRM Regression Tests -- firefox-2] LoginPageTest:53 - browser is laucnhing-----------------> setUp method
2020-10-16 15:41:02,160 DEBUG [TestNG-tests-1] cache:45 - Couldn't find template in cache for "index.ftl"("en", UTF-8, parsed); will try to load it.
2020-10-16 15:41:02,161 DEBUG [TestNG-tests-1] cache:45 - TemplateLoader.findTemplateSource("index_en.ftl"): Not found
2020-10-16 15:41:02,163 DEBUG [TestNG-tests-1] cache:45 - TemplateLoader.findTemplateSource("index.ftl"): Found
2020-10-16 15:41:02,164 DEBUG [TestNG-tests-1] cache:45 - Loading template for "index.ftl"("en", UTF-8, parsed) from "jar:file:/Users/bobit/.m2/repository/com/aventstack/extentreports/3.1.5/extentreports-3.1.5.jar!/com/aventstack/extentreports/view/html-report/index.ftl"
2020-10-16 15:41:02,280 DEBUG [Finalizer] PoolingHttpClientConnectionManager:408 - Connection manager is shutting down
2020-10-16 15:41:02,281 DEBUG [Finalizer] PoolingHttpClientConnectionManager:414 - Connection manager shut down
2020-10-16 15:41:02,281 DEBUG [Finalizer] PoolingHttpClientConnectionManager:408 - Connection manager is shutting down
2020-10-16 15:41:02,281 DEBUG [Finalizer] PoolingHttpClientConnectionManager:414 - Connection manager shut down
2020-10-16 15:41:02,281 DEBUG [Finalizer] PoolingHttpClientConnectionManager:408 - Connection manager is shutting down
2020-10-16 15:41:02,282 DEBUG [Finalizer] PoolingHttpClientConnectionManager:414 - Connection manager shut down
2020-10-16 15:41:02,282 DEBUG [Finalizer] PoolingHttpClientConnectionManager:408 - Connection manager is shutting down
2020-10-16 15:41:02,282 DEBUG [Finalizer] PoolingHttpClientConnectionManager:414 - Connection manager shut down
2020-10-16 15:41:02,282 DEBUG [Finalizer] PoolingHttpClientConnectionManager:408 - Connection manager is shutting down
2020-10-16 15:41:02,282 DEBUG [Finalizer] PoolingHttpClientConnectionManager:414 - Connection manager shut down
2020-10-16 15:41:02,499 DEBUG [TestNG-tests-1] cache:45 - Couldn't find template in cache for "head.ftl"("en", UTF-8, parsed); will try to load it.
2020-10-16 15:41:02,500 DEBUG [TestNG-tests-1] cache:45 - TemplateLoader.findTemplateSource("head_en.ftl"): Not found
2020-10-16 15:41:02,500 DEBUG [TestNG-tests-1] cache:45 - TemplateLoader.findTemplateSource("head.ftl"): Found
2020-10-16 15:41:02,500 DEBUG [TestNG-tests-1] cache:45 - Loading template for "head.ftl"("en", UTF-8, parsed) from "jar:file:/Users/bobit/.m2/repository/com/aventstack/extentreports/3.1.5/extentreports-3.1.5.jar!/com/aventstack/extentreports/view/html-report/head.ftl"
2020-10-16 15:41:02,502 DEBUG [TestNG-tests-1] cache:45 - Couldn't find template in cache for "nav.ftl"("en", UTF-8, parsed); will try to load it.
2020-10-16 15:41:02,502 DEBUG [TestNG-tests-1] cache:45 - TemplateLoader.findTemplateSource("nav_en.ftl"): Not found
2020-10-16 15:41:02,503 DEBUG [TestNG-tests-1] cache:45 - TemplateLoader.findTemplateSource("nav.ftl"): Found
2020-10-16 15:41:02,503 DEBUG [TestNG-tests-1] cache:45 - Loading template for "nav.ftl"("en", UTF-8, parsed) from "jar:file:/Users/bobit/.m2/repository/com/aventstack/extentreports/3.1.5/extentreports-3.1.5.jar!/com/aventstack/extentreports/view/html-report/nav.ftl"
2020-10-16 15:41:02,508 DEBUG [TestNG-tests-1] cache:45 - Couldn't find template in cache for "test-view/test-view.ftl"("en", UTF-8, parsed); will try to load it.
2020-10-16 15:41:02,509 DEBUG [TestNG-tests-1] cache:45 - TemplateLoader.findTemplateSource("test-view/test-view_en.ftl"): Not found
2020-10-16 15:41:02,509 DEBUG [TestNG-tests-1] cache:45 - TemplateLoader.findTemplateSource("test-view/test-view.ftl"): Found
2020-10-16 15:41:02,509 DEBUG [TestNG-tests-1] cache:45 - Loading template for "test-view/test-view.ftl"("en", UTF-8, parsed) from "jar:file:/Users/bobit/.m2/repository/com/aventstack/extentreports/3.1.5/extentreports-3.1.5.jar!/com/aventstack/extentreports/view/html-report/test-view/test-view.ftl"
2020-10-16 15:41:02,518 DEBUG [TestNG-tests-1] cache:45 - Couldn't find template in cache for "test-view/test-view-charts.ftl"("en", UTF-8, parsed); will try to load it.
2020-10-16 15:41:02,519 DEBUG [TestNG-tests-1] cache:45 - TemplateLoader.findTemplateSource("test-view/test-view-charts_en.ftl"): Not found
2020-10-16 15:41:02,519 DEBUG [TestNG-tests-1] cache:45 - TemplateLoader.findTemplateSource("test-view/test-view-charts.ftl"): Found
2020-10-16 15:41:02,519 DEBUG [TestNG-tests-1] cache:45 - Loading template for "test-view/test-view-charts.ftl"("en", UTF-8, parsed) from "jar:file:/Users/bobit/.m2/repository/com/aventstack/extentreports/3.1.5/extentreports-3.1.5.jar!/com/aventstack/extentreports/view/html-report/test-view/test-view-charts.ftl"
2020-10-16 15:41:02,530 DEBUG [TestNG-tests-1] cache:45 - Couldn't find template in cache for "test-view/standard.ftl"("en", UTF-8, parsed); will try to load it.
2020-10-16 15:41:02,531 DEBUG [TestNG-tests-1] cache:45 - TemplateLoader.findTemplateSource("test-view/standard_en.ftl"): Not found
2020-10-16 15:41:02,531 DEBUG [TestNG-tests-1] cache:45 - TemplateLoader.findTemplateSource("test-view/standard.ftl"): Found
2020-10-16 15:41:02,531 DEBUG [TestNG-tests-1] cache:45 - Loading template for "test-view/standard.ftl"("en", UTF-8, parsed) from "jar:file:/Users/bobit/.m2/repository/com/aventstack/extentreports/3.1.5/extentreports-3.1.5.jar!/com/aventstack/extentreports/view/html-report/test-view/standard.ftl"
2020-10-16 15:41:02,546 DEBUG [TestNG-tests-1] cache:45 - "test-view/standard.ftl"("en", UTF-8, parsed) cached copy not yet stale; using cached.
2020-10-16 15:41:02,547 DEBUG [TestNG-tests-1] cache:45 - "test-view/standard.ftl"("en", UTF-8, parsed) cached copy not yet stale; using cached.
2020-10-16 15:41:02,548 DEBUG [TestNG-tests-1] cache:45 - "test-view/standard.ftl"("en", UTF-8, parsed) cached copy not yet stale; using cached.
2020-10-16 15:41:02,549 DEBUG [TestNG-tests-1] cache:45 - "test-view/standard.ftl"("en", UTF-8, parsed) cached copy not yet stale; using cached.
2020-10-16 15:41:02,550 DEBUG [TestNG-tests-1] cache:45 - "test-view/standard.ftl"("en", UTF-8, parsed) cached copy not yet stale; using cached.
2020-10-16 15:41:02,551 DEBUG [TestNG-tests-1] cache:45 - "test-view/standard.ftl"("en", UTF-8, parsed) cached copy not yet stale; using cached.
2020-10-16 15:41:02,551 DEBUG [TestNG-tests-1] cache:45 - "test-view/standard.ftl"("en", UTF-8, parsed) cached copy not yet stale; using cached.
2020-10-16 15:41:02,554 DEBUG [TestNG-tests-1] cache:45 - "test-view/standard.ftl"("en", UTF-8, parsed) cached copy not yet stale; using cached.
2020-10-16 15:41:02,555 DEBUG [TestNG-tests-1] cache:45 - "test-view/standard.ftl"("en", UTF-8, parsed) cached copy not yet stale; using cached.
2020-10-16 15:41:02,556 DEBUG [TestNG-tests-1] cache:45 - "test-view/standard.ftl"("en", UTF-8, parsed) cached copy not yet stale; using cached.
2020-10-16 15:41:02,557 DEBUG [TestNG-tests-1] cache:45 - "test-view/standard.ftl"("en", UTF-8, parsed) cached copy not yet stale; using cached.
2020-10-16 15:41:02,558 DEBUG [TestNG-tests-1] cache:45 - "test-view/standard.ftl"("en", UTF-8, parsed) cached copy not yet stale; using cached.
2020-10-16 15:41:02,559 DEBUG [TestNG-tests-1] cache:45 - Couldn't find template in cache for "category-view/category-view.ftl"("en", UTF-8, parsed); will try to load it.
2020-10-16 15:41:02,559 DEBUG [TestNG-tests-1] cache:45 - TemplateLoader.findTemplateSource("category-view/category-view_en.ftl"): Not found
2020-10-16 15:41:02,559 DEBUG [TestNG-tests-1] cache:45 - TemplateLoader.findTemplateSource("category-view/category-view.ftl"): Found
2020-10-16 15:41:02,560 DEBUG [TestNG-tests-1] cache:45 - Loading template for "category-view/category-view.ftl"("en", UTF-8, parsed) from "jar:file:/Users/bobit/.m2/repository/com/aventstack/extentreports/3.1.5/extentreports-3.1.5.jar!/com/aventstack/extentreports/view/html-report/category-view/category-view.ftl"
2020-10-16 15:41:02,566 DEBUG [TestNG-tests-1] cache:45 - Couldn't find template in cache for "author-view/author-view.ftl"("en", UTF-8, parsed); will try to load it.
2020-10-16 15:41:02,567 DEBUG [TestNG-tests-1] cache:45 - TemplateLoader.findTemplateSource("author-view/author-view_en.ftl"): Not found
2020-10-16 15:41:02,567 DEBUG [TestNG-tests-1] cache:45 - TemplateLoader.findTemplateSource("author-view/author-view.ftl"): Found
2020-10-16 15:41:02,567 DEBUG [TestNG-tests-1] cache:45 - Loading template for "author-view/author-view.ftl"("en", UTF-8, parsed) from "jar:file:/Users/bobit/.m2/repository/com/aventstack/extentreports/3.1.5/extentreports-3.1.5.jar!/com/aventstack/extentreports/view/html-report/author-view/author-view.ftl"
2020-10-16 15:41:02,570 DEBUG [TestNG-tests-1] cache:45 - Couldn't find template in cache for "exception-view/exception-view.ftl"("en", UTF-8, parsed); will try to load it.
2020-10-16 15:41:02,570 DEBUG [TestNG-tests-1] cache:45 - TemplateLoader.findTemplateSource("exception-view/exception-view_en.ftl"): Not found
2020-10-16 15:41:02,570 DEBUG [TestNG-tests-1] cache:45 - TemplateLoader.findTemplateSource("exception-view/exception-view.ftl"): Found
2020-10-16 15:41:02,570 DEBUG [TestNG-tests-1] cache:45 - Loading template for "exception-view/exception-view.ftl"("en", UTF-8, parsed) from "jar:file:/Users/bobit/.m2/repository/com/aventstack/extentreports/3.1.5/extentreports-3.1.5.jar!/com/aventstack/extentreports/view/html-report/exception-view/exception-view.ftl"
2020-10-16 15:41:02,573 DEBUG [TestNG-tests-1] cache:45 - Couldn't find template in cache for "dashboard-view/dashboard-view.ftl"("en", UTF-8, parsed); will try to load it.
2020-10-16 15:41:02,573 DEBUG [TestNG-tests-1] cache:45 - TemplateLoader.findTemplateSource("dashboard-view/dashboard-view_en.ftl"): Not found
2020-10-16 15:41:02,573 DEBUG [TestNG-tests-1] cache:45 - TemplateLoader.findTemplateSource("dashboard-view/dashboard-view.ftl"): Found
2020-10-16 15:41:02,574 DEBUG [TestNG-tests-1] cache:45 - Loading template for "dashboard-view/dashboard-view.ftl"("en", UTF-8, parsed) from "jar:file:/Users/bobit/.m2/repository/com/aventstack/extentreports/3.1.5/extentreports-3.1.5.jar!/com/aventstack/extentreports/view/html-report/dashboard-view/dashboard-view.ftl"
2020-10-16 15:41:02,579 DEBUG [TestNG-tests-1] cache:45 - Couldn't find template in cache for "logs-view/testrunner-logs-view.ftl"("en", UTF-8, parsed); will try to load it.
2020-10-16 15:41:02,579 DEBUG [TestNG-tests-1] cache:45 - TemplateLoader.findTemplateSource("logs-view/testrunner-logs-view_en.ftl"): Not found
2020-10-16 15:41:02,580 DEBUG [TestNG-tests-1] cache:45 - TemplateLoader.findTemplateSource("logs-view/testrunner-logs-view.ftl"): Found
2020-10-16 15:41:02,580 DEBUG [TestNG-tests-1] cache:45 - Loading template for "logs-view/testrunner-logs-view.ftl"("en", UTF-8, parsed) from "jar:file:/Users/bobit/.m2/repository/com/aventstack/extentreports/3.1.5/extentreports-3.1.5.jar!/com/aventstack/extentreports/view/html-report/logs-view/testrunner-logs-view.ftl"
2020-10-16 15:41:02,706 DEBUG [TestNG-tests-2] cache:45 - Couldn't find template in cache for "index.ftl"("en", UTF-8, parsed); will try to load it.
2020-10-16 15:41:02,707 DEBUG [TestNG-tests-2] cache:45 - TemplateLoader.findTemplateSource("index_en.ftl"): Not found
2020-10-16 15:41:02,707 DEBUG [TestNG-tests-2] cache:45 - TemplateLoader.findTemplateSource("index.ftl"): Found
2020-10-16 15:41:02,708 DEBUG [TestNG-tests-2] cache:45 - Loading template for "index.ftl"("en", UTF-8, parsed) from "jar:file:/Users/bobit/.m2/repository/com/aventstack/extentreports/3.1.5/extentreports-3.1.5.jar!/com/aventstack/extentreports/view/html-report/index.ftl"
2020-10-16 15:41:02,715 DEBUG [TestNG-tests-2] cache:45 - Couldn't find template in cache for "head.ftl"("en", UTF-8, parsed); will try to load it.
2020-10-16 15:41:02,715 DEBUG [TestNG-tests-2] cache:45 - TemplateLoader.findTemplateSource("head_en.ftl"): Not found
2020-10-16 15:41:02,716 DEBUG [TestNG-tests-2] cache:45 - TemplateLoader.findTemplateSource("head.ftl"): Found
2020-10-16 15:41:02,716 DEBUG [TestNG-tests-2] cache:45 - Loading template for "head.ftl"("en", UTF-8, parsed) from "jar:file:/Users/bobit/.m2/repository/com/aventstack/extentreports/3.1.5/extentreports-3.1.5.jar!/com/aventstack/extentreports/view/html-report/head.ftl"
2020-10-16 15:41:02,718 DEBUG [TestNG-tests-2] cache:45 - Couldn't find template in cache for "nav.ftl"("en", UTF-8, parsed); will try to load it.
2020-10-16 15:41:02,719 DEBUG [TestNG-tests-2] cache:45 - TemplateLoader.findTemplateSource("nav_en.ftl"): Not found
2020-10-16 15:41:02,719 DEBUG [TestNG-tests-2] cache:45 - TemplateLoader.findTemplateSource("nav.ftl"): Found
2020-10-16 15:41:02,720 DEBUG [TestNG-tests-2] cache:45 - Loading template for "nav.ftl"("en", UTF-8, parsed) from "jar:file:/Users/bobit/.m2/repository/com/aventstack/extentreports/3.1.5/extentreports-3.1.5.jar!/com/aventstack/extentreports/view/html-report/nav.ftl"
2020-10-16 15:41:02,723 DEBUG [TestNG-tests-2] cache:45 - Couldn't find template in cache for "test-view/test-view.ftl"("en", UTF-8, parsed); will try to load it.
2020-10-16 15:41:02,723 DEBUG [TestNG-tests-2] cache:45 - TemplateLoader.findTemplateSource("test-view/test-view_en.ftl"): Not found
2020-10-16 15:41:02,724 DEBUG [TestNG-tests-2] cache:45 - TemplateLoader.findTemplateSource("test-view/test-view.ftl"): Found
2020-10-16 15:41:02,724 DEBUG [TestNG-tests-2] cache:45 - Loading template for "test-view/test-view.ftl"("en", UTF-8, parsed) from "jar:file:/Users/bobit/.m2/repository/com/aventstack/extentreports/3.1.5/extentreports-3.1.5.jar!/com/aventstack/extentreports/view/html-report/test-view/test-view.ftl"
2020-10-16 15:41:02,731 DEBUG [TestNG-tests-2] cache:45 - Couldn't find template in cache for "test-view/test-view-charts.ftl"("en", UTF-8, parsed); will try to load it.
2020-10-16 15:41:02,732 DEBUG [TestNG-tests-2] cache:45 - TemplateLoader.findTemplateSource("test-view/test-view-charts_en.ftl"): Not found
2020-10-16 15:41:02,732 DEBUG [TestNG-tests-2] cache:45 - TemplateLoader.findTemplateSource("test-view/test-view-charts.ftl"): Found
2020-10-16 15:41:02,732 DEBUG [TestNG-tests-2] cache:45 - Loading template for "test-view/test-view-charts.ftl"("en", UTF-8, parsed) from "jar:file:/Users/bobit/.m2/repository/com/aventstack/extentreports/3.1.5/extentreports-3.1.5.jar!/com/aventstack/extentreports/view/html-report/test-view/test-view-charts.ftl"
2020-10-16 15:41:02,737 DEBUG [TestNG-tests-2] cache:45 - Couldn't find template in cache for "test-view/standard.ftl"("en", UTF-8, parsed); will try to load it.
2020-10-16 15:41:02,738 DEBUG [TestNG-tests-2] cache:45 - TemplateLoader.findTemplateSource("test-view/standard_en.ftl"): Not found
2020-10-16 15:41:02,738 DEBUG [TestNG-tests-2] cache:45 - TemplateLoader.findTemplateSource("test-view/standard.ftl"): Found
2020-10-16 15:41:02,739 DEBUG [TestNG-tests-2] cache:45 - Loading template for "test-view/standard.ftl"("en", UTF-8, parsed) from "jar:file:/Users/bobit/.m2/repository/com/aventstack/extentreports/3.1.5/extentreports-3.1.5.jar!/com/aventstack/extentreports/view/html-report/test-view/standard.ftl"
2020-10-16 15:41:02,745 DEBUG [TestNG-tests-2] cache:45 - "test-view/standard.ftl"("en", UTF-8, parsed) cached copy not yet stale; using cached.
2020-10-16 15:41:02,746 DEBUG [TestNG-tests-2] cache:45 - "test-view/standard.ftl"("en", UTF-8, parsed) cached copy not yet stale; using cached.
2020-10-16 15:41:02,748 DEBUG [TestNG-tests-2] cache:45 - "test-view/standard.ftl"("en", UTF-8, parsed) cached copy not yet stale; using cached.
2020-10-16 15:41:02,749 DEBUG [TestNG-tests-2] cache:45 - "test-view/standard.ftl"("en", UTF-8, parsed) cached copy not yet stale; using cached.
2020-10-16 15:41:02,750 DEBUG [TestNG-tests-2] cache:45 - "test-view/standard.ftl"("en", UTF-8, parsed) cached copy not yet stale; using cached.
2020-10-16 15:41:02,750 DEBUG [TestNG-tests-2] cache:45 - "test-view/standard.ftl"("en", UTF-8, parsed) cached copy not yet stale; using cached.
2020-10-16 15:41:02,751 DEBUG [TestNG-tests-2] cache:45 - "test-view/standard.ftl"("en", UTF-8, parsed) cached copy not yet stale; using cached.
2020-10-16 15:41:02,752 DEBUG [TestNG-tests-2] cache:45 - "test-view/standard.ftl"("en", UTF-8, parsed) cached copy not yet stale; using cached.
2020-10-16 15:41:02,752 DEBUG [TestNG-tests-2] cache:45 - "test-view/standard.ftl"("en", UTF-8, parsed) cached copy not yet stale; using cached.
2020-10-16 15:41:02,753 DEBUG [TestNG-tests-2] cache:45 - "test-view/standard.ftl"("en", UTF-8, parsed) cached copy not yet stale; using cached.
2020-10-16 15:41:02,754 DEBUG [TestNG-tests-2] cache:45 - "test-view/standard.ftl"("en", UTF-8, parsed) cached copy not yet stale; using cached.
2020-10-16 15:41:02,754 DEBUG [TestNG-tests-2] cache:45 - "test-view/standard.ftl"("en", UTF-8, parsed) cached copy not yet stale; using cached.
2020-10-16 15:41:02,755 DEBUG [TestNG-tests-2] cache:45 - "test-view/standard.ftl"("en", UTF-8, parsed) cached copy not yet stale; using cached.
2020-10-16 15:41:02,756 DEBUG [TestNG-tests-2] cache:45 - Couldn't find template in cache for "category-view/category-view.ftl"("en", UTF-8, parsed); will try to load it.
2020-10-16 15:41:02,756 DEBUG [TestNG-tests-2] cache:45 - TemplateLoader.findTemplateSource("category-view/category-view_en.ftl"): Not found
2020-10-16 15:41:02,756 DEBUG [TestNG-tests-2] cache:45 - TemplateLoader.findTemplateSource("category-view/category-view.ftl"): Found
2020-10-16 15:41:02,756 DEBUG [TestNG-tests-2] cache:45 - Loading template for "category-view/category-view.ftl"("en", UTF-8, parsed) from "jar:file:/Users/bobit/.m2/repository/com/aventstack/extentreports/3.1.5/extentreports-3.1.5.jar!/com/aventstack/extentreports/view/html-report/category-view/category-view.ftl"
2020-10-16 15:41:02,761 DEBUG [TestNG-tests-2] cache:45 - Couldn't find template in cache for "author-view/author-view.ftl"("en", UTF-8, parsed); will try to load it.
2020-10-16 15:41:02,761 DEBUG [TestNG-tests-2] cache:45 - TemplateLoader.findTemplateSource("author-view/author-view_en.ftl"): Not found
2020-10-16 15:41:02,762 DEBUG [TestNG-tests-2] cache:45 - TemplateLoader.findTemplateSource("author-view/author-view.ftl"): Found
2020-10-16 15:41:02,762 DEBUG [TestNG-tests-2] cache:45 - Loading template for "author-view/author-view.ftl"("en", UTF-8, parsed) from "jar:file:/Users/bobit/.m2/repository/com/aventstack/extentreports/3.1.5/extentreports-3.1.5.jar!/com/aventstack/extentreports/view/html-report/author-view/author-view.ftl"
2020-10-16 15:41:02,766 DEBUG [TestNG-tests-2] cache:45 - Couldn't find template in cache for "exception-view/exception-view.ftl"("en", UTF-8, parsed); will try to load it.
2020-10-16 15:41:02,766 DEBUG [TestNG-tests-2] cache:45 - TemplateLoader.findTemplateSource("exception-view/exception-view_en.ftl"): Not found
2020-10-16 15:41:02,767 DEBUG [TestNG-tests-2] cache:45 - TemplateLoader.findTemplateSource("exception-view/exception-view.ftl"): Found
2020-10-16 15:41:02,767 DEBUG [TestNG-tests-2] cache:45 - Loading template for "exception-view/exception-view.ftl"("en", UTF-8, parsed) from "jar:file:/Users/bobit/.m2/repository/com/aventstack/extentreports/3.1.5/extentreports-3.1.5.jar!/com/aventstack/extentreports/view/html-report/exception-view/exception-view.ftl"
2020-10-16 15:41:02,770 DEBUG [TestNG-tests-2] cache:45 - Couldn't find template in cache for "dashboard-view/dashboard-view.ftl"("en", UTF-8, parsed); will try to load it.
2020-10-16 15:41:02,771 DEBUG [TestNG-tests-2] cache:45 - TemplateLoader.findTemplateSource("dashboard-view/dashboard-view_en.ftl"): Not found
2020-10-16 15:41:02,771 DEBUG [TestNG-tests-2] cache:45 - TemplateLoader.findTemplateSource("dashboard-view/dashboard-view.ftl"): Found
2020-10-16 15:41:02,772 DEBUG [TestNG-tests-2] cache:45 - Loading template for "dashboard-view/dashboard-view.ftl"("en", UTF-8, parsed) from "jar:file:/Users/bobit/.m2/repository/com/aventstack/extentreports/3.1.5/extentreports-3.1.5.jar!/com/aventstack/extentreports/view/html-report/dashboard-view/dashboard-view.ftl"
2020-10-16 15:41:02,777 DEBUG [TestNG-tests-2] cache:45 - Couldn't find template in cache for "logs-view/testrunner-logs-view.ftl"("en", UTF-8, parsed); will try to load it.
2020-10-16 15:41:02,779 DEBUG [TestNG-tests-2] cache:45 - TemplateLoader.findTemplateSource("logs-view/testrunner-logs-view_en.ftl"): Not found
2020-10-16 15:41:02,779 DEBUG [TestNG-tests-2] cache:45 - TemplateLoader.findTemplateSource("logs-view/testrunner-logs-view.ftl"): Found
2020-10-16 15:41:02,780 DEBUG [TestNG-tests-2] cache:45 - Loading template for "logs-view/testrunner-logs-view.ftl"("en", UTF-8, parsed) from "jar:file:/Users/bobit/.m2/repository/com/aventstack/extentreports/3.1.5/extentreports-3.1.5.jar!/com/aventstack/extentreports/view/html-report/logs-view/testrunner-logs-view.ftl"
